<?xml version="1.0" encoding="UTF-8"?>
<!-- Generated by org.testng.reporters.JUnitReportReporter -->
<testsuite hostname="DESKTOP-958FB9I" failures="0" tests="12" name="SwagLabs.SauceDemo" time="6.808" errors="0" timestamp="2024-05-07T10:49:23 IST" skipped="0">
  <testcase classname="SwagLabs.SauceDemo" name="OpenApp" time="3.552"/>
  <system-out/>
  <testcase classname="SwagLabs.SauceDemo" name="Login" time="0.336"/>
  <system-out/>
  <testcase classname="SwagLabs.SauceDemo" name="Search" time="0.001"/>
  <system-out/>
  <testcase classname="SwagLabs.SauceDemo" name="AddtoCart" time="0.087"/>
  <system-out/>
  <testcase classname="SwagLabs.SauceDemo" name="GoToCart" time="0.056"/>
  <system-out/>
  <testcase classname="SwagLabs.SauceDemo" name="CheckOut" time="0.059"/>
  <system-out/>
  <testcase classname="SwagLabs.SauceDemo" name="CheckOutInformation" time="0.193"/>
  <system-out/>
  <testcase classname="SwagLabs.SauceDemo" name="Continue" time="0.064"/>
  <system-out/>
  <testcase classname="SwagLabs.SauceDemo" name="Finish" time="0.051"/>
  <system-out/>
  <testcase classname="SwagLabs.SauceDemo" name="BackHome" time="0.053"/>
  <system-out/>
  <testcase classname="SwagLabs.SauceDemo" name="Logout" time="2.180"/>
  <system-out/>
  <testcase classname="SwagLabs.SauceDemo" name="CloseApp" time="0.176"/>
  <system-out/>
</testsuite> <!-- SwagLabs.SauceDemo -->
